<?xml version="1.0" encoding="UTF-8"?>
<!-- Generated by org.testng.reporters.JUnitReportReporter -->
<testsuite hostname="Animesh" failures="0" tests="3" name="testRunner.TestNGRunner" time="24.541" errors="0" timestamp="2024-11-15T01:59:43 IST" skipped="0">
  <testcase classname="testRunner.TestNGRunner" name="runScenario" time="7.149"/>
  <system-out/>
  <testcase classname="testRunner.TestNGRunner" name="runScenario" time="8.069"/>
  <system-out/>
  <testcase classname="testRunner.TestNGRunner" name="runScenario" time="9.323"/>
  <system-out/>
</testsuite> <!-- testRunner.TestNGRunner -->
